<?xml version="1.0" encoding="utf-8"?><testsuites name="pytest tests"><testsuite name="pytest" errors="0" failures="0" skipped="0" tests="11" time="0.148" timestamp="2025-09-24T05:17:08.384228+00:00" hostname="d5c9c6b6f821"><testcase classname="tests.unit.algorithms.test_sgp4_orbital_engine.TestSGP4OrbitalEngine" name="test_tle_epoch_time_usage_mandatory" time="0.015" /><testcase classname="tests.unit.algorithms.test_sgp4_orbital_engine.TestSGP4OrbitalEngine" name="test_current_time_usage_detection" time="0.003" /><testcase classname="tests.unit.algorithms.test_sgp4_orbital_engine.TestSGP4OrbitalEngine" name="test_orbital_calculation_accuracy_with_real_tle" time="0.003" /><testcase classname="tests.unit.algorithms.test_sgp4_orbital_engine.TestSGP4OrbitalEngine" name="test_sgp4_vs_simplified_model_rejection" time="0.003" /><testcase classname="tests.unit.algorithms.test_sgp4_orbital_engine.TestSGP4OrbitalEngine" name="test_batch_calculation_performance" time="0.004" /><testcase classname="tests.unit.algorithms.test_sgp4_orbital_engine.TestSGP4OrbitalEngine" name="test_sgp4_calculation_performance" time="0.003" /><testcase classname="tests.unit.algorithms.test_sgp4_orbital_engine.TestSGP4OrbitalEngine" name="test_invalid_tle_data_handling" time="0.001" /><testcase classname="tests.unit.algorithms.test_sgp4_orbital_engine.TestSGP4OrbitalEngine" name="test_future_time_calculation" time="0.002" /><testcase classname="tests.unit.algorithms.test_sgp4_orbital_engine.TestSGP4OrbitalEngine" name="test_academic_data_standards_compliance" time="0.003" /><testcase classname="tests.unit.algorithms.test_sgp4_orbital_engine.TestSGP4OrbitalEngine" name="test_no_mock_data_usage_detection" time="0.002" /><testcase classname="tests.unit.algorithms.test_sgp4_orbital_engine.TestSGP4OrbitalEngine" name="test_sgp4_engine_full_workflow" time="0.003" /></testsuite></testsuites>