<?xml version="1.0" encoding="utf-8"?><testsuites name="pytest tests"><testsuite name="pytest" errors="0" failures="0" skipped="0" tests="8" time="0.025" timestamp="2025-09-26T13:52:23.636741+00:00" hostname="4090"><testcase classname="tests.unit.algorithms.test_signal_quality_calculator.TestSignalQualityCalculator" name="test_rsrp_calculation_friis_formula_compliance" time="0.010" /><testcase classname="tests.unit.algorithms.test_signal_quality_calculator.TestSignalQualityCalculator" name="test_rsrp_elevation_dependency" time="0.000" /><testcase classname="tests.unit.algorithms.test_signal_quality_calculator.TestSignalQualityCalculator" name="test_rsrq_calculation_accuracy" time="0.000" /><testcase classname="tests.unit.algorithms.test_signal_quality_calculator.TestSignalQualityCalculator" name="test_atmospheric_attenuation_itu_r_compliance" time="0.000" /><testcase classname="tests.unit.algorithms.test_signal_quality_calculator.TestSignalQualityCalculator" name="test_batch_signal_calculation_performance" time="0.000" /><testcase classname="tests.unit.algorithms.test_signal_quality_calculator.TestSignalQualityCalculator" name="test_no_hardcoded_values_compliance" time="0.000" /><testcase classname="tests.unit.algorithms.test_signal_quality_calculator.TestSignalQualityCalculator" name="test_physical_formula_accuracy" time="0.000" /><testcase classname="tests.unit.algorithms.test_signal_quality_calculator.TestSignalQualityCalculator" name="test_signal_calculator_full_workflow" time="0.000" /></testsuite></testsuites>