<?xml version="1.0" encoding="utf-8"?><testsuites name="pytest tests"><testsuite name="pytest" errors="8" failures="0" skipped="0" tests="8" time="0.049" timestamp="2025-09-24T05:17:08.758952+00:00" hostname="d5c9c6b6f821"><testcase classname="tests.unit.algorithms.test_signal_quality_calculator.TestSignalQualityCalculator" name="test_rsrp_calculation_friis_formula_compliance" time="0.000"><error message="failed on setup with &quot;TypeError: SignalQualityCalculator.__init__() got an unexpected keyword argument 'constellation'&quot;">tests/unit/algorithms/test_signal_quality_calculator.py:39: in signal_calculator
    return SignalQualityCalculator(constellation="starlink")
           ^^^^^^^^^^^^^^^^^^^^^^^^^^^^^^^^^^^^^^^^^^^^^^^^^
E   TypeError: SignalQualityCalculator.__init__() got an unexpected keyword argument 'constellation'</error></testcase><testcase classname="tests.unit.algorithms.test_signal_quality_calculator.TestSignalQualityCalculator" name="test_rsrp_elevation_dependency" time="0.000"><error message="failed on setup with &quot;TypeError: SignalQualityCalculator.__init__() got an unexpected keyword argument 'constellation'&quot;">tests/unit/algorithms/test_signal_quality_calculator.py:39: in signal_calculator
    return SignalQualityCalculator(constellation="starlink")
           ^^^^^^^^^^^^^^^^^^^^^^^^^^^^^^^^^^^^^^^^^^^^^^^^^
E   TypeError: SignalQualityCalculator.__init__() got an unexpected keyword argument 'constellation'</error></testcase><testcase classname="tests.unit.algorithms.test_signal_quality_calculator.TestSignalQualityCalculator" name="test_rsrq_calculation_accuracy" time="0.000"><error message="failed on setup with &quot;TypeError: SignalQualityCalculator.__init__() got an unexpected keyword argument 'constellation'&quot;">tests/unit/algorithms/test_signal_quality_calculator.py:39: in signal_calculator
    return SignalQualityCalculator(constellation="starlink")
           ^^^^^^^^^^^^^^^^^^^^^^^^^^^^^^^^^^^^^^^^^^^^^^^^^
E   TypeError: SignalQualityCalculator.__init__() got an unexpected keyword argument 'constellation'</error></testcase><testcase classname="tests.unit.algorithms.test_signal_quality_calculator.TestSignalQualityCalculator" name="test_atmospheric_attenuation_itu_r_compliance" time="0.000"><error message="failed on setup with &quot;TypeError: SignalQualityCalculator.__init__() got an unexpected keyword argument 'constellation'&quot;">tests/unit/algorithms/test_signal_quality_calculator.py:39: in signal_calculator
    return SignalQualityCalculator(constellation="starlink")
           ^^^^^^^^^^^^^^^^^^^^^^^^^^^^^^^^^^^^^^^^^^^^^^^^^
E   TypeError: SignalQualityCalculator.__init__() got an unexpected keyword argument 'constellation'</error></testcase><testcase classname="tests.unit.algorithms.test_signal_quality_calculator.TestSignalQualityCalculator" name="test_batch_signal_calculation_performance" time="0.000"><error message="failed on setup with &quot;TypeError: SignalQualityCalculator.__init__() got an unexpected keyword argument 'constellation'&quot;">tests/unit/algorithms/test_signal_quality_calculator.py:39: in signal_calculator
    return SignalQualityCalculator(constellation="starlink")
           ^^^^^^^^^^^^^^^^^^^^^^^^^^^^^^^^^^^^^^^^^^^^^^^^^
E   TypeError: SignalQualityCalculator.__init__() got an unexpected keyword argument 'constellation'</error></testcase><testcase classname="tests.unit.algorithms.test_signal_quality_calculator.TestSignalQualityCalculator" name="test_no_hardcoded_values_compliance" time="0.000"><error message="failed on setup with &quot;TypeError: SignalQualityCalculator.__init__() got an unexpected keyword argument 'constellation'&quot;">tests/unit/algorithms/test_signal_quality_calculator.py:39: in signal_calculator
    return SignalQualityCalculator(constellation="starlink")
           ^^^^^^^^^^^^^^^^^^^^^^^^^^^^^^^^^^^^^^^^^^^^^^^^^
E   TypeError: SignalQualityCalculator.__init__() got an unexpected keyword argument 'constellation'</error></testcase><testcase classname="tests.unit.algorithms.test_signal_quality_calculator.TestSignalQualityCalculator" name="test_physical_formula_accuracy" time="0.000"><error message="failed on setup with &quot;TypeError: SignalQualityCalculator.__init__() got an unexpected keyword argument 'constellation'&quot;">tests/unit/algorithms/test_signal_quality_calculator.py:39: in signal_calculator
    return SignalQualityCalculator(constellation="starlink")
           ^^^^^^^^^^^^^^^^^^^^^^^^^^^^^^^^^^^^^^^^^^^^^^^^^
E   TypeError: SignalQualityCalculator.__init__() got an unexpected keyword argument 'constellation'</error></testcase><testcase classname="tests.unit.algorithms.test_signal_quality_calculator.TestSignalQualityCalculator" name="test_signal_calculator_full_workflow" time="0.000"><error message="failed on setup with &quot;TypeError: SignalQualityCalculator.__init__() got an unexpected keyword argument 'constellation'&quot;">tests/unit/algorithms/test_signal_quality_calculator.py:39: in signal_calculator
    return SignalQualityCalculator(constellation="starlink")
           ^^^^^^^^^^^^^^^^^^^^^^^^^^^^^^^^^^^^^^^^^^^^^^^^^
E   TypeError: SignalQualityCalculator.__init__() got an unexpected keyword argument 'constellation'</error></testcase></testsuite></testsuites>