<?xml version="1.0" encoding="utf-8"?><testsuites name="pytest tests"><testsuite name="pytest" errors="0" failures="0" skipped="0" tests="20" time="0.020" timestamp="2025-09-26T13:52:24.162625+00:00" hostname="4090"><testcase classname="tests.unit.algorithms.test_data_integration_engine.TestStage5DataIntegrationEngine" name="test_3gpp_handover_thresholds_accuracy" time="0.001" /><testcase classname="tests.unit.algorithms.test_data_integration_engine.TestStage5DataIntegrationEngine" name="test_cross_stage_data_loading" time="0.000" /><testcase classname="tests.unit.algorithms.test_data_integration_engine.TestStage5DataIntegrationEngine" name="test_cross_stage_validation" time="0.000" /><testcase classname="tests.unit.algorithms.test_data_integration_engine.TestStage5DataIntegrationEngine" name="test_enhanced_timeseries_processing" time="0.000" /><testcase classname="tests.unit.algorithms.test_data_integration_engine.TestStage5DataIntegrationEngine" name="test_handover_scenario_analysis" time="0.000" /><testcase classname="tests.unit.algorithms.test_data_integration_engine.TestStage5DataIntegrationEngine" name="test_intelligent_data_fusion_engine" time="0.000" /><testcase classname="tests.unit.algorithms.test_data_integration_engine.TestStage5DataIntegrationEngine" name="test_layered_data_generation" time="0.000" /><testcase classname="tests.unit.algorithms.test_data_integration_engine.TestStage5DataIntegrationEngine" name="test_postgresql_integration" time="0.000" /><testcase classname="tests.unit.algorithms.test_data_integration_engine.TestStage5DataIntegrationEngine" name="test_processing_cache_management" time="0.000" /><testcase classname="tests.unit.algorithms.test_data_integration_engine.TestStage5DataIntegrationEngine" name="test_signal_calculation_numerical_accuracy" time="0.000" /><testcase classname="tests.unit.algorithms.test_data_integration_engine.TestStage5DataIntegrationEngine" name="test_signal_quality_calculation_integration" time="0.000" /><testcase classname="tests.unit.algorithms.test_data_integration_engine.TestStage5DataIntegrationEngine" name="test_stage5_processor_initialization" time="0.000" /><testcase classname="tests.unit.algorithms.test_data_integration_engine.TestStage5DataIntegrationEngine" name="test_storage_balance_analysis" time="0.000" /><testcase classname="tests.unit.algorithms.test_data_integration_engine.TestStage5DataIntegrationEngine" name="test_tle_epoch_time_compliance" time="0.000" /><testcase classname="tests.unit.algorithms.test_data_integration_engine.TestStage5AcademicComplianceValidation" name="test_no_mock_data_usage" time="0.000" /><testcase classname="tests.unit.algorithms.test_data_integration_engine.TestStage5AcademicComplianceValidation" name="test_processing_pipeline_integrity" time="0.000" /><testcase classname="tests.unit.algorithms.test_data_integration_engine.TestStage5AcademicComplianceValidation" name="test_data_integration_output_validation" time="0.000" /><testcase classname="tests.unit.algorithms.test_data_integration_engine.TestStage5AcademicComplianceValidation" name="test_signal_calculation_numerical_accuracy" time="0.000" /><testcase classname="tests.unit.algorithms.test_data_integration_engine.TestStage5AcademicComplianceValidation" name="test_3gpp_handover_thresholds_accuracy" time="0.000" /><testcase classname="tests.unit.algorithms.test_data_integration_engine.TestStage5AcademicComplianceValidation" name="test_tle_epoch_time_compliance" time="0.000" /></testsuite></testsuites>