<?xml version="1.0" encoding="utf-8"?><testsuites name="pytest tests"><testsuite name="pytest" errors="0" failures="0" skipped="0" tests="8" time="0.069" timestamp="2025-09-24T05:17:09.279482+00:00" hostname="d5c9c6b6f821"><testcase classname="tests.unit.algorithms.test_timeseries_preprocessing.TestTimeseriesPreprocessing" name="test_stage3_data_loading_validation" time="0.001" /><testcase classname="tests.unit.algorithms.test_timeseries_preprocessing.TestTimeseriesPreprocessing" name="test_enhanced_timeseries_conversion" time="0.000" /><testcase classname="tests.unit.algorithms.test_timeseries_preprocessing.TestTimeseriesPreprocessing" name="test_eci_to_wgs84_coordinate_conversion" time="0.000" /><testcase classname="tests.unit.algorithms.test_timeseries_preprocessing.TestTimeseriesPreprocessing" name="test_academic_grade_a_compliance" time="0.000" /><testcase classname="tests.unit.algorithms.test_timeseries_preprocessing.TestTimeseriesPreprocessing" name="test_data_integrity_validation" time="0.000" /><testcase classname="tests.unit.algorithms.test_timeseries_preprocessing.TestTimeseriesPreprocessing" name="test_forbidden_patterns_detection" time="0.000" /><testcase classname="tests.unit.algorithms.test_timeseries_preprocessing.TestTimeseriesPreprocessing" name="test_large_dataset_processing_performance" time="0.008" /><testcase classname="tests.unit.algorithms.test_timeseries_preprocessing.TestTimeseriesPreprocessing" name="test_complete_timeseries_preprocessing_workflow" time="0.000" /></testsuite></testsuites>