<?xml version="1.0" encoding="utf-8"?><testsuites name="pytest tests"><testsuite name="pytest" errors="0" failures="0" skipped="0" tests="8" time="0.019" timestamp="2025-09-26T13:52:23.793944+00:00" hostname="4090"><testcase classname="tests.unit.algorithms.test_satellite_visibility_filter.TestSatelliteVisibilityFilter" name="test_elevation_threshold_filtering" time="0.001" /><testcase classname="tests.unit.algorithms.test_satellite_visibility_filter.TestSatelliteVisibilityFilter" name="test_time_continuity_validation" time="0.000" /><testcase classname="tests.unit.algorithms.test_satellite_visibility_filter.TestSatelliteVisibilityFilter" name="test_academic_grade_a_compliance" time="0.000" /><testcase classname="tests.unit.algorithms.test_satellite_visibility_filter.TestSatelliteVisibilityFilter" name="test_itu_r_standard_compliance" time="0.000" /><testcase classname="tests.unit.algorithms.test_satellite_visibility_filter.TestSatelliteVisibilityFilter" name="test_forbidden_patterns_detection" time="0.000" /><testcase classname="tests.unit.algorithms.test_satellite_visibility_filter.TestSatelliteVisibilityFilter" name="test_large_dataset_filtering_performance" time="0.004" /><testcase classname="tests.unit.algorithms.test_satellite_visibility_filter.TestSatelliteVisibilityFilter" name="test_stage1_to_stage2_data_conversion" time="0.000" /><testcase classname="tests.unit.algorithms.test_satellite_visibility_filter.TestSatelliteVisibilityFilter" name="test_complete_visibility_filtering_workflow" time="0.000" /></testsuite></testsuites>